2025-06-17 00:07:17.705 INFO  - Starting SistemaApplication using Java 22 with PID 20340 (C:\Users\Jeanpierre Chipa\Desktop\Proyecto Integrador\Sistema-Clinica-Angry\target\classes started by Jeanpierre Chipa in C:\Users\Jeanpierre Chipa\Desktop\Proyecto Integrador\Sistema-Clinica-Angry)
2025-06-17 00:07:17.712 INFO  - No active profile set, falling back to 1 default profile: "default"
2025-06-17 00:07:34.647 INFO  - Starting SistemaApplication using Java 22 with PID 20340 (C:\Users\Jeanpierre Chipa\Desktop\Proyecto Integrador\Sistema-Clinica-Angry\target\classes started by Jeanpierre Chipa in C:\Users\Jeanpierre Chipa\Desktop\Proyecto Integrador\Sistema-Clinica-Angry)
2025-06-17 00:07:34.649 INFO  - No active profile set, falling back to 1 default profile: "default"
2025-06-17 00:07:35.853 INFO  - AuthServicio inicializado con PacienteRepositorio y PasswordEncoder.
2025-06-17 00:07:36.317 INFO  - Started SistemaApplication in 1.741 seconds (process running for 801.629)
2025-06-17 00:07:45.370 INFO  - Starting SistemaApplication using Java 22 with PID 20340 (C:\Users\Jeanpierre Chipa\Desktop\Proyecto Integrador\Sistema-Clinica-Angry\target\classes started by Jeanpierre Chipa in C:\Users\Jeanpierre Chipa\Desktop\Proyecto Integrador\Sistema-Clinica-Angry)
2025-06-17 00:07:45.371 INFO  - No active profile set, falling back to 1 default profile: "default"
2025-06-17 00:07:46.686 INFO  - AuthServicio inicializado con PacienteRepositorio y PasswordEncoder.
2025-06-17 00:07:47.015 INFO  - Started SistemaApplication in 1.707 seconds (process running for 812.327)
2025-06-17 00:08:14.936 INFO  - Starting SistemaApplication using Java 22 with PID 20340 (C:\Users\Jeanpierre Chipa\Desktop\Proyecto Integrador\Sistema-Clinica-Angry\target\classes started by Jeanpierre Chipa in C:\Users\Jeanpierre Chipa\Desktop\Proyecto Integrador\Sistema-Clinica-Angry)
2025-06-17 00:08:14.937 INFO  - No active profile set, falling back to 1 default profile: "default"
2025-06-17 00:08:16.131 INFO  - AuthServicio inicializado con PacienteRepositorio y PasswordEncoder.
2025-06-17 00:08:16.427 INFO  - Started SistemaApplication in 1.549 seconds (process running for 841.74)
2025-06-17 00:08:20.171 INFO  - Starting SistemaApplication using Java 22 with PID 20340 (C:\Users\Jeanpierre Chipa\Desktop\Proyecto Integrador\Sistema-Clinica-Angry\target\classes started by Jeanpierre Chipa in C:\Users\Jeanpierre Chipa\Desktop\Proyecto Integrador\Sistema-Clinica-Angry)
2025-06-17 00:08:20.171 INFO  - No active profile set, falling back to 1 default profile: "default"
2025-06-17 00:08:21.197 INFO  - AuthServicio inicializado con PacienteRepositorio y PasswordEncoder.
2025-06-17 00:08:21.461 INFO  - Started SistemaApplication in 1.352 seconds (process running for 846.774)
2025-06-17 00:09:34.691 INFO  - Starting SistemaApplication using Java 22 with PID 20340 (C:\Users\Jeanpierre Chipa\Desktop\Proyecto Integrador\Sistema-Clinica-Angry\target\classes started by Jeanpierre Chipa in C:\Users\Jeanpierre Chipa\Desktop\Proyecto Integrador\Sistema-Clinica-Angry)
2025-06-17 00:09:34.692 INFO  - No active profile set, falling back to 1 default profile: "default"
2025-06-17 00:09:54.888 INFO  - Starting SistemaApplication using Java 22 with PID 20340 (C:\Users\Jeanpierre Chipa\Desktop\Proyecto Integrador\Sistema-Clinica-Angry\target\classes started by Jeanpierre Chipa in C:\Users\Jeanpierre Chipa\Desktop\Proyecto Integrador\Sistema-Clinica-Angry)
2025-06-17 00:09:54.888 INFO  - No active profile set, falling back to 1 default profile: "default"
2025-06-17 00:09:55.671 INFO  - AuthServicio inicializado con PacienteRepositorio y PasswordEncoder.
2025-06-17 00:09:55.874 INFO  - Started SistemaApplication in 1.032 seconds (process running for 941.189)
2025-06-17 00:10:07.692 INFO  - Starting SistemaApplication using Java 22 with PID 14068 (C:\Users\Jeanpierre Chipa\Desktop\Proyecto Integrador\Sistema-Clinica-Angry\target\classes started by Jeanpierre Chipa in C:\Users\Jeanpierre Chipa\Desktop\Proyecto Integrador\Sistema-Clinica-Angry)
2025-06-17 00:10:07.692 INFO  - No active profile set, falling back to 1 default profile: "default"
2025-06-17 00:10:14.640 INFO  - AuthServicio inicializado con PacienteRepositorio y PasswordEncoder.
2025-06-17 00:10:16.310 INFO  - Started SistemaApplication in 9.683 seconds (process running for 11.056)
2025-06-17 00:10:32.530 INFO  - El usuario ha accedido a la página de login.
2025-06-17 00:14:06.513 INFO  - El usuario ha accedido a la página de login.
2025-06-17 00:14:08.165 INFO  - El usuario ha accedido a la página de login.
2025-06-17 00:16:48.604 INFO  - El usuario ha accedido a la página de login.
2025-06-17 00:18:22.711 INFO  - Starting SistemaApplication using Java 22 with PID 13256 (C:\Users\Jeanpierre Chipa\Desktop\Proyecto Integrador\Sistema-Clinica-Angry\target\classes started by Jeanpierre Chipa in C:\Users\Jeanpierre Chipa\Desktop\Proyecto Integrador\Sistema-Clinica-Angry)
2025-06-17 00:18:22.719 INFO  - No active profile set, falling back to 1 default profile: "default"
2025-06-17 00:18:32.558 INFO  - AuthServicio inicializado con PacienteRepositorio y PasswordEncoder.
2025-06-17 00:18:34.405 INFO  - Started SistemaApplication in 12.975 seconds (process running for 14.477)
2025-06-17 00:19:24.288 INFO  - El usuario ha accedido a la página de login.
2025-06-17 00:19:36.530 INFO  - Intentando registrar paciente con correo: chipa.robladillo@gmail.com y DNI: 71632364
2025-06-17 00:19:36.781 INFO  - No existe un paciente con el correo chipa.robladillo@gmail.com ni DNI 71632364. Se puede registrar.
2025-06-17 00:19:36.979 INFO  - Paciente guardado exitosamente con ID 1 y correo chipa.robladillo@gmail.com
2025-06-17 00:19:37.003 INFO  - Paciente registrado exitosamente: chipa.robladillo@gmail.com
2025-06-17 00:19:37.033 INFO  - El usuario ha accedido a la página de login.
2025-06-17 00:19:42.363 INFO  - El usuario ha accedido a la página de login.
2025-06-17 00:19:58.874 INFO  - Starting SistemaApplication using Java 22 with PID 13256 (C:\Users\Jeanpierre Chipa\Desktop\Proyecto Integrador\Sistema-Clinica-Angry\target\classes started by Jeanpierre Chipa in C:\Users\Jeanpierre Chipa\Desktop\Proyecto Integrador\Sistema-Clinica-Angry)
2025-06-17 00:19:58.876 INFO  - No active profile set, falling back to 1 default profile: "default"
2025-06-17 00:20:16.768 INFO  - Starting SistemaApplication using Java 22 with PID 13256 (C:\Users\Jeanpierre Chipa\Desktop\Proyecto Integrador\Sistema-Clinica-Angry\target\classes started by Jeanpierre Chipa in C:\Users\Jeanpierre Chipa\Desktop\Proyecto Integrador\Sistema-Clinica-Angry)
2025-06-17 00:20:16.768 INFO  - No active profile set, falling back to 1 default profile: "default"
2025-06-17 00:20:38.843 INFO  - Starting SistemaApplication using Java 22 with PID 11064 (C:\Users\Jeanpierre Chipa\Desktop\Proyecto Integrador\Sistema-Clinica-Angry\target\classes started by Jeanpierre Chipa in C:\Users\Jeanpierre Chipa\Desktop\Proyecto Integrador\Sistema-Clinica-Angry)
2025-06-17 00:20:38.848 INFO  - No active profile set, falling back to 1 default profile: "default"
2025-06-17 00:23:54.011 INFO  - Starting SistemaApplication using Java 22 with PID 23456 (C:\Users\Jeanpierre Chipa\Desktop\Proyecto Integrador\Sistema-Clinica-Angry\target\classes started by Jeanpierre Chipa in C:\Users\Jeanpierre Chipa\Desktop\Proyecto Integrador\Sistema-Clinica-Angry)
2025-06-17 00:23:54.015 INFO  - No active profile set, falling back to 1 default profile: "default"
2025-06-17 00:24:02.505 INFO  - AuthServicio inicializado con PacienteRepositorio.
2025-06-17 00:39:54.291 INFO  - Starting SistemaApplication using Java 22 with PID 4252 (C:\Users\Jeanpierre Chipa\Desktop\Proyecto Integrador\Sistema-Clinica-Angry\target\classes started by Jeanpierre Chipa in C:\Users\Jeanpierre Chipa\Desktop\Proyecto Integrador\Sistema-Clinica-Angry)
2025-06-17 00:39:54.295 INFO  - No active profile set, falling back to 1 default profile: "default"
2025-06-17 00:40:02.347 INFO  - AuthServicio inicializado con PacienteRepositorio.
2025-06-17 00:40:03.740 INFO  - Started SistemaApplication in 10.253 seconds (process running for 11.425)
2025-06-17 00:40:24.597 INFO  - El usuario ha accedido a la página de login.
2025-06-17 00:40:36.287 INFO  - Intentando registrar paciente con correo: chipa.robladillo@gmail.com y DNI: 71632364
2025-06-17 00:40:36.510 INFO  - No existe un paciente con el correo chipa.robladillo@gmail.com ni DNI 71632364. Se puede registrar.
2025-06-17 00:40:36.690 INFO  - Paciente guardado exitosamente con ID 1 y correo chipa.robladillo@gmail.com
2025-06-17 00:40:36.707 INFO  - Paciente registrado exitosamente: chipa.robladillo@gmail.com
2025-06-17 00:40:36.723 INFO  - El usuario ha accedido a la página de login.
2025-06-17 00:40:43.160 INFO  - El usuario ha accedido a la página de inicio.
2025-06-17 00:40:49.099 INFO  - Accediendo a la página de reserva de cita.
2025-06-17 00:40:49.107 INFO  - El usuario ha accedido a la página de login.
2025-06-17 00:43:27.133 INFO  - Starting SistemaApplication using Java 22 with PID 4252 (C:\Users\Jeanpierre Chipa\Desktop\Proyecto Integrador\Sistema-Clinica-Angry\target\classes started by Jeanpierre Chipa in C:\Users\Jeanpierre Chipa\Desktop\Proyecto Integrador\Sistema-Clinica-Angry)
2025-06-17 00:43:27.133 INFO  - No active profile set, falling back to 1 default profile: "default"
2025-06-17 00:43:28.574 INFO  - AuthServicio inicializado con PacienteRepositorio.
2025-06-17 00:43:28.867 INFO  - Started SistemaApplication in 1.83 seconds (process running for 216.551)
2025-06-17 00:44:09.966 INFO  - Starting SistemaApplication using Java 22 with PID 4252 (C:\Users\Jeanpierre Chipa\Desktop\Proyecto Integrador\Sistema-Clinica-Angry\target\classes started by Jeanpierre Chipa in C:\Users\Jeanpierre Chipa\Desktop\Proyecto Integrador\Sistema-Clinica-Angry)
2025-06-17 00:44:09.966 INFO  - No active profile set, falling back to 1 default profile: "default"
2025-06-17 00:44:10.929 INFO  - AuthServicio inicializado con PacienteRepositorio.
2025-06-17 00:44:11.160 INFO  - Started SistemaApplication in 1.253 seconds (process running for 258.844)
2025-06-17 00:44:16.905 INFO  - El usuario ha accedido a la página de login.
2025-06-17 00:44:22.879 INFO  - El usuario ha accedido a la página de inicio.
2025-06-17 00:44:23.899 INFO  - Accediendo a la página de reserva de cita.
2025-06-17 00:44:23.906 INFO  - Cargando todas las especialidades desde CitaServicio.
2025-06-17 00:44:25.149 INFO  - El usuario ha accedido a la página de historial de citas.
2025-06-17 00:44:25.150 WARN  - Intento de acceder a historial sin paciente logueado o con ID de paciente nulo.
2025-06-17 00:44:25.154 INFO  - El usuario ha accedido a la página de login.
2025-06-17 00:45:16.522 INFO  - Starting SistemaApplication using Java 22 with PID 4252 (C:\Users\Jeanpierre Chipa\Desktop\Proyecto Integrador\Sistema-Clinica-Angry\target\classes started by Jeanpierre Chipa in C:\Users\Jeanpierre Chipa\Desktop\Proyecto Integrador\Sistema-Clinica-Angry)
2025-06-17 00:45:16.522 INFO  - No active profile set, falling back to 1 default profile: "default"
2025-06-17 00:45:17.396 INFO  - AuthServicio inicializado con PacienteRepositorio.
2025-06-17 00:45:17.634 INFO  - Started SistemaApplication in 1.172 seconds (process running for 325.319)
2025-06-17 00:45:33.813 INFO  - Starting SistemaApplication using Java 22 with PID 4252 (C:\Users\Jeanpierre Chipa\Desktop\Proyecto Integrador\Sistema-Clinica-Angry\target\classes started by Jeanpierre Chipa in C:\Users\Jeanpierre Chipa\Desktop\Proyecto Integrador\Sistema-Clinica-Angry)
2025-06-17 00:45:33.813 INFO  - No active profile set, falling back to 1 default profile: "default"
2025-06-17 00:45:34.803 INFO  - AuthServicio inicializado con PacienteRepositorio.
2025-06-17 00:45:34.998 INFO  - Started SistemaApplication in 1.229 seconds (process running for 342.683)
2025-06-17 00:45:39.075 INFO  - El usuario ha accedido a la página de login.
2025-06-17 00:45:45.552 INFO  - El usuario ha accedido a la página de inicio.
2025-06-17 00:45:47.032 INFO  - Accediendo a la página de reserva de cita.
2025-06-17 00:45:47.039 INFO  - Cargando todas las especialidades desde CitaServicio.
2025-06-17 00:45:47.636 INFO  - El usuario ha accedido a la página de historial de citas.
2025-06-17 00:45:49.643 INFO  - Accediendo a la página de reserva de cita.
2025-06-17 00:45:49.647 INFO  - Cargando todas las especialidades desde CitaServicio.
2025-06-17 00:45:52.189 INFO  - El usuario ha accedido a la página de inicio.
2025-06-17 00:45:53.059 INFO  - Accediendo a la página de reserva de cita.
2025-06-17 00:45:53.065 INFO  - Cargando todas las especialidades desde CitaServicio.
2025-06-17 00:45:53.674 INFO  - El usuario ha accedido a la página de historial de citas.
2025-06-17 00:45:54.412 INFO  - Accediendo a la página de reserva de cita.
2025-06-17 00:45:54.416 INFO  - Cargando todas las especialidades desde CitaServicio.
2025-06-17 00:45:54.965 INFO  - El usuario ha accedido a la página de inicio.
2025-06-17 00:47:05.375 INFO  - Starting SistemaApplication using Java 22 with PID 4252 (C:\Users\Jeanpierre Chipa\Desktop\Proyecto Integrador\Sistema-Clinica-Angry\target\classes started by Jeanpierre Chipa in C:\Users\Jeanpierre Chipa\Desktop\Proyecto Integrador\Sistema-Clinica-Angry)
2025-06-17 00:47:05.375 INFO  - No active profile set, falling back to 1 default profile: "default"
2025-06-17 00:47:06.394 INFO  - AuthServicio inicializado con PacienteRepositorio.
2025-06-17 00:47:06.617 INFO  - Started SistemaApplication in 1.301 seconds (process running for 434.303)
2025-06-17 00:47:11.328 INFO  - Starting SistemaApplication using Java 22 with PID 4252 (C:\Users\Jeanpierre Chipa\Desktop\Proyecto Integrador\Sistema-Clinica-Angry\target\classes started by Jeanpierre Chipa in C:\Users\Jeanpierre Chipa\Desktop\Proyecto Integrador\Sistema-Clinica-Angry)
2025-06-17 00:47:11.329 INFO  - No active profile set, falling back to 1 default profile: "default"
2025-06-17 00:47:12.180 INFO  - AuthServicio inicializado con PacienteRepositorio.
2025-06-17 00:47:12.361 INFO  - Started SistemaApplication in 1.082 seconds (process running for 440.045)
2025-06-17 00:47:17.815 INFO  - El usuario ha accedido a la página de inicio.
2025-06-17 00:47:17.822 INFO  - Usuario chipa.robladillo@gmail.com autenticado en la página de inicio.
2025-06-17 00:47:20.237 INFO  - El usuario ha accedido a la página de login.
2025-06-17 00:47:27.621 INFO  - El usuario ha accedido a la página de inicio.
2025-06-17 00:47:27.636 INFO  - Usuario chipa.robladillo@gmail.com autenticado en la página de inicio.
2025-06-17 00:47:28.858 INFO  - Accediendo a la página de reserva de cita.
2025-06-17 00:47:28.863 INFO  - Cargando todas las especialidades desde CitaServicio.
2025-06-17 00:47:29.928 INFO  - El usuario ha accedido a la página de historial de citas.
2025-06-17 00:47:30.656 INFO  - El usuario ha accedido a la página de inicio.
2025-06-17 00:47:30.661 INFO  - Usuario chipa.robladillo@gmail.com autenticado en la página de inicio.
2025-06-17 00:49:06.078 INFO  - Starting SistemaApplication using Java 22 with PID 26500 (C:\Users\Jeanpierre Chipa\Desktop\Proyecto Integrador\Sistema-Clinica-Angry\target\classes started by Jeanpierre Chipa in C:\Users\Jeanpierre Chipa\Desktop\Proyecto Integrador\Sistema-Clinica-Angry)
2025-06-17 00:49:06.078 INFO  - No active profile set, falling back to 1 default profile: "default"
2025-06-17 00:49:12.943 INFO  - AuthServicio inicializado con PacienteRepositorio.
2025-06-17 00:49:14.411 INFO  - Started SistemaApplication in 9.106 seconds (process running for 10.261)
2025-06-17 00:49:14.701 INFO  - El usuario ha accedido a la página de inicio.
2025-06-17 00:49:14.701 INFO  - Acceso a la página de inicio por usuario no autenticado.
2025-06-17 00:49:15.121 INFO  - El usuario ha accedido a la página de login.
2025-06-17 00:49:20.631 INFO  - El usuario ha accedido a la página de login.
2025-06-17 00:49:27.975 INFO  - El usuario ha accedido a la página de inicio.
2025-06-17 00:49:27.980 INFO  - Usuario chipa.robladillo@gmail.com autenticado en la página de inicio.
2025-06-17 00:49:30.282 INFO  - Accediendo a la página de reserva de cita.
2025-06-17 00:49:30.288 INFO  - Cargando todas las especialidades desde CitaServicio.
2025-06-17 00:49:30.907 INFO  - El usuario ha accedido a la página de historial de citas.
2025-06-17 00:49:32.260 INFO  - El usuario ha accedido a la página de inicio.
2025-06-17 00:49:32.265 INFO  - Usuario chipa.robladillo@gmail.com autenticado en la página de inicio.
2025-06-17 00:49:33.203 INFO  - Accediendo a la página de reserva de cita.
2025-06-17 00:49:33.208 INFO  - Cargando todas las especialidades desde CitaServicio.
2025-06-17 00:49:33.697 INFO  - El usuario ha accedido a la página de historial de citas.
2025-06-17 00:49:37.149 INFO  - Accediendo a la página de reserva de cita.
2025-06-17 00:49:37.155 INFO  - Cargando todas las especialidades desde CitaServicio.
2025-06-17 00:49:37.485 INFO  - El usuario ha accedido a la página de inicio.
2025-06-17 00:49:37.489 INFO  - Usuario chipa.robladillo@gmail.com autenticado en la página de inicio.
2025-06-17 00:49:38.196 INFO  - Accediendo a la página de reserva de cita.
2025-06-17 00:49:38.202 INFO  - Cargando todas las especialidades desde CitaServicio.
2025-06-17 00:49:54.761 INFO  - Intentando crear cita con fecha: 2025-06-07, hora: 11:00, idMedico: 120
2025-06-17 00:49:54.772 INFO  - Intentando crear cita para fecha: 2025-06-07, hora: 11:00, medicoId: 120, pacienteId: 1
2025-06-17 00:49:54.782 ERROR - Error al confirmar cita (datos inválidos/no encontrados): Médico con ID 120 no encontrado.
2025-06-17 00:49:54.801 INFO  - Accediendo a la página de reserva de cita.
2025-06-17 00:49:54.810 INFO  - Cargando todas las especialidades desde CitaServicio.
2025-06-17 00:50:09.919 INFO  - El usuario ha accedido a la página de historial de citas.
2025-06-17 00:50:11.181 INFO  - Accediendo a la página de reserva de cita.
2025-06-17 00:50:11.185 INFO  - Cargando todas las especialidades desde CitaServicio.
2025-06-17 00:50:13.118 INFO  - El usuario ha accedido a la página de inicio.
2025-06-17 00:50:13.123 INFO  - Usuario chipa.robladillo@gmail.com autenticado en la página de inicio.
2025-06-17 00:53:49.891 INFO  - Starting SistemaApplication using Java 22 with PID 26500 (C:\Users\Jeanpierre Chipa\Desktop\Proyecto Integrador\Sistema-Clinica-Angry\target\classes started by Jeanpierre Chipa in C:\Users\Jeanpierre Chipa\Desktop\Proyecto Integrador\Sistema-Clinica-Angry)
2025-06-17 00:53:49.892 INFO  - No active profile set, falling back to 1 default profile: "default"
2025-06-17 00:53:51.221 INFO  - AuthServicio inicializado con PacienteRepositorio.
2025-06-17 00:53:51.496 INFO  - Started SistemaApplication in 1.716 seconds (process running for 287.345)
2025-06-17 00:54:31.681 INFO  - Starting SistemaApplication using Java 22 with PID 26500 (C:\Users\Jeanpierre Chipa\Desktop\Proyecto Integrador\Sistema-Clinica-Angry\target\classes started by Jeanpierre Chipa in C:\Users\Jeanpierre Chipa\Desktop\Proyecto Integrador\Sistema-Clinica-Angry)
2025-06-17 00:54:31.681 INFO  - No active profile set, falling back to 1 default profile: "default"
2025-06-17 00:54:32.763 INFO  - AuthServicio inicializado con PacienteRepositorio.
2025-06-17 00:54:33.016 INFO  - Started SistemaApplication in 1.384 seconds (process running for 328.87)
2025-06-17 00:55:01.725 INFO  - Starting SistemaApplication using Java 22 with PID 18776 (C:\Users\Jeanpierre Chipa\Desktop\Proyecto Integrador\Sistema-Clinica-Angry\target\classes started by Jeanpierre Chipa in C:\Users\Jeanpierre Chipa\Desktop\Proyecto Integrador\Sistema-Clinica-Angry)
2025-06-17 00:55:01.729 INFO  - No active profile set, falling back to 1 default profile: "default"
2025-06-17 00:55:08.912 INFO  - AuthServicio inicializado con PacienteRepositorio.
2025-06-17 00:55:10.657 INFO  - Started SistemaApplication in 9.774 seconds (process running for 11.056)
2025-06-17 00:55:14.974 INFO  - El usuario ha accedido a la página de login.
2025-06-17 00:55:24.979 INFO  - El usuario ha accedido a la página de inicio.
2025-06-17 00:55:24.986 INFO  - Usuario chipa.robladillo@gmail.com autenticado en la página de inicio.
2025-06-17 00:55:26.098 INFO  - Accediendo a la página de reserva de cita.
2025-06-17 00:59:04.866 INFO  - Accediendo a la página de reserva de cita.
2025-06-17 01:00:40.892 INFO  - Starting SistemaApplication using Java 22 with PID 13104 (C:\Users\Jeanpierre Chipa\Desktop\Proyecto Integrador\Sistema-Clinica-Angry\target\classes started by Jeanpierre Chipa in C:\Users\Jeanpierre Chipa\Desktop\Proyecto Integrador\Sistema-Clinica-Angry)
2025-06-17 01:00:40.895 INFO  - No active profile set, falling back to 1 default profile: "default"
2025-06-17 01:00:47.724 INFO  - AuthServicio inicializado con PacienteRepositorio.
2025-06-17 01:00:49.338 INFO  - Started SistemaApplication in 9.223 seconds (process running for 10.323)
2025-06-17 01:00:49.576 INFO  - El usuario ha accedido a la página de login.
2025-06-17 01:00:56.249 INFO  - El usuario ha accedido a la página de inicio.
2025-06-17 01:00:56.258 INFO  - Usuario chipa.robladillo@gmail.com autenticado en la página de inicio.
2025-06-17 01:00:57.539 INFO  - Accediendo a la página de reserva de cita.
2025-06-17 01:05:25.739 INFO  - Starting SistemaApplication using Java 22 with PID 18544 (C:\Users\Jeanpierre Chipa\Desktop\Proyecto Integrador\Sistema-Clinica-Angry\target\classes started by Jeanpierre Chipa in C:\Users\Jeanpierre Chipa\Desktop\Proyecto Integrador\Sistema-Clinica-Angry)
2025-06-17 01:05:25.742 INFO  - No active profile set, falling back to 1 default profile: "default"
2025-06-17 01:05:33.330 INFO  - AuthServicio inicializado con PacienteRepositorio.
2025-06-17 01:05:35.049 INFO  - Started SistemaApplication in 10.041 seconds (process running for 11.17)
2025-06-17 01:05:35.246 INFO  - El usuario ha accedido a la página de login.
2025-06-17 01:05:43.882 INFO  - El usuario ha accedido a la página de login.
2025-06-17 01:05:58.620 INFO  - Intentando registrar paciente con correo: chipa.robladillo@gmail.com y DNI: 71632364
2025-06-17 01:05:58.631 INFO  - No existe un paciente con el correo chipa.robladillo@gmail.com ni DNI 71632364. Se puede registrar.
2025-06-17 01:05:58.767 INFO  - Paciente guardado exitosamente con ID 1 y correo chipa.robladillo@gmail.com
2025-06-17 01:05:58.782 INFO  - Paciente registrado exitosamente: chipa.robladillo@gmail.com
2025-06-17 01:05:58.791 INFO  - El usuario ha accedido a la página de login.
2025-06-17 01:06:05.008 INFO  - El usuario ha accedido a la página de inicio.
2025-06-17 01:06:05.013 INFO  - Usuario chipa.robladillo@gmail.com autenticado en la página de inicio.
2025-06-17 01:06:06.763 INFO  - Accediendo a la página de reserva de cita.
2025-06-17 01:06:06.824 INFO  - Solicitando todas las especialidades a través de CitaServicio.
2025-06-17 01:06:06.824 INFO  - Cargando todas las especialidades desde CitaServicio.
2025-06-17 01:15:10.185 INFO  - Starting SistemaApplication using Java 22 with PID 11944 (C:\Users\Jeanpierre Chipa\Desktop\Proyecto Integrador\Sistema-Clinica-Angry\target\classes started by Jeanpierre Chipa in C:\Users\Jeanpierre Chipa\Desktop\Proyecto Integrador\Sistema-Clinica-Angry)
2025-06-17 01:15:10.189 INFO  - No active profile set, falling back to 1 default profile: "default"
2025-06-17 01:15:18.273 INFO  - AuthServicio inicializado con PacienteRepositorio.
2025-06-17 01:15:19.538 INFO  - Started SistemaApplication in 10.133 seconds (process running for 11.306)
2025-06-17 01:15:19.575 INFO  - Iniciando carga de un registro de ejemplo para cada entidad...
2025-06-17 01:15:19.680 INFO  - Especialidad 'Psicología' creada y guardada.
2025-06-17 01:15:19.689 INFO  - Médico 'Martín Fernández' creado y guardado.
2025-06-17 01:15:19.705 INFO  - Horario para el médico 'Martín Fernández' creado y guardado.
2025-06-17 01:15:19.706 INFO  - Carga de registros de ejemplo completada.
2025-06-17 01:16:04.208 INFO  - El usuario ha accedido a la página de login.
2025-06-17 01:16:20.382 INFO  - Intentando registrar paciente con correo: chipa.robladillo@gmail.com y DNI: 71632364
2025-06-17 01:16:20.557 INFO  - No existe un paciente con el correo chipa.robladillo@gmail.com ni DNI 71632364. Se puede registrar.
2025-06-17 01:16:20.647 INFO  - Paciente guardado exitosamente con ID 1 y correo chipa.robladillo@gmail.com
2025-06-17 01:16:20.647 INFO  - Paciente registrado exitosamente: chipa.robladillo@gmail.com
2025-06-17 01:16:20.680 INFO  - El usuario ha accedido a la página de login.
2025-06-17 01:16:26.426 INFO  - El usuario ha accedido a la página de inicio.
2025-06-17 01:16:26.433 INFO  - Usuario chipa.robladillo@gmail.com autenticado en la página de inicio.
2025-06-17 01:16:28.008 INFO  - Accediendo a la página de reserva de cita.
2025-06-17 01:16:28.090 INFO  - Solicitando todas las especialidades a través de CitaServicio.
2025-06-17 01:16:28.092 INFO  - Cargando todas las especialidades desde CitaServicio.
2025-06-17 01:16:30.714 INFO  - Solicitando médicos para especialidad ID: 1 a través de CitaServicio.
2025-06-17 01:16:30.714 INFO  - Buscando médicos para la especialidad ID: 1 desde CitaServicio.
2025-06-17 01:16:35.642 INFO  - Solicitando horarios disponibles para médico ID: 1 en fecha: 2025-06-19 a través de CitaServicio.
2025-06-17 01:16:38.582 INFO  - Intentando crear cita con fecha: 2025-06-19, hora: 11:30:00, idMedico: 1
2025-06-17 01:16:38.589 INFO  - Intentando crear cita para fecha: 2025-06-19, hora: 11:30, medicoId: 1, pacienteId: 1
2025-06-17 01:16:38.605 INFO  - Cita guardada exitosamente con ID: 1
2025-06-17 01:16:38.641 INFO  - Cita creada correctamente para paciente ID: 1
2025-06-17 01:16:38.649 INFO  - El usuario ha accedido a la página de historial de citas.
2025-06-17 01:17:58.195 INFO  - Starting SistemaApplication using Java 22 with PID 22052 (C:\Users\Jeanpierre Chipa\Desktop\Proyecto Integrador\Sistema-Clinica-Angry\target\classes started by Jeanpierre Chipa in C:\Users\Jeanpierre Chipa\Desktop\Proyecto Integrador\Sistema-Clinica-Angry)
2025-06-17 01:17:58.200 INFO  - No active profile set, falling back to 1 default profile: "default"
2025-06-17 01:18:06.069 INFO  - AuthServicio inicializado con PacienteRepositorio.
2025-06-17 01:18:07.499 INFO  - Started SistemaApplication in 10.075 seconds (process running for 11.262)
2025-06-17 01:18:07.517 INFO  - Iniciando carga de datos de especialidades, médicos y horarios...
2025-06-17 01:18:08.079 INFO  - Cargando especialidades...
2025-06-17 01:18:50.144 INFO  - Starting SistemaApplication using Java 22 with PID 13308 (C:\Users\Jeanpierre Chipa\Desktop\Proyecto Integrador\Sistema-Clinica-Angry\target\classes started by Jeanpierre Chipa in C:\Users\Jeanpierre Chipa\Desktop\Proyecto Integrador\Sistema-Clinica-Angry)
2025-06-17 01:18:50.144 INFO  - No active profile set, falling back to 1 default profile: "default"
2025-06-17 01:18:56.618 INFO  - AuthServicio inicializado con PacienteRepositorio.
2025-06-17 01:18:57.866 INFO  - Started SistemaApplication in 8.478 seconds (process running for 9.621)
2025-06-17 01:18:57.894 INFO  - Iniciando carga de datos de especialidades, médicos y horarios...
2025-06-17 01:18:58.415 INFO  - Cargando especialidades...
2025-06-17 01:27:45.415 INFO  - Starting SistemaApplication using Java 22 with PID 18996 (C:\Users\Jeanpierre Chipa\Desktop\Proyecto Integrador\Sistema-Clinica-Angry\target\classes started by Jeanpierre Chipa in C:\Users\Jeanpierre Chipa\Desktop\Proyecto Integrador\Sistema-Clinica-Angry)
2025-06-17 01:27:45.419 INFO  - No active profile set, falling back to 1 default profile: "default"
2025-06-17 01:27:53.303 INFO  - AuthServicio inicializado con PacienteRepositorio.
2025-06-17 01:27:54.695 INFO  - Started SistemaApplication in 10.032 seconds (process running for 11.136)
2025-06-17 01:27:54.715 INFO  - Iniciando carga de datos de especialidades, médicos y horarios...
2025-06-17 01:27:54.716 INFO  - Procesando 15 especialidades...
2025-06-17 01:27:54.980 INFO  - Especialidad 'Cardiología' creada con ID: 1.
2025-06-17 01:27:54.997 INFO  - Especialidad 'Dermatología' creada con ID: 2.
2025-06-17 01:27:55.003 INFO  - Especialidad 'Pediatría' creada con ID: 3.
2025-06-17 01:27:55.009 INFO  - Especialidad 'Ginecología' creada con ID: 4.
2025-06-17 01:27:55.015 INFO  - Especialidad 'Neurología' creada con ID: 5.
2025-06-17 01:27:55.021 INFO  - Especialidad 'Traumatología' creada con ID: 6.
2025-06-17 01:27:55.027 INFO  - Especialidad 'Oftalmología' creada con ID: 7.
2025-06-17 01:27:55.033 INFO  - Especialidad 'Otorrinolaringología' creada con ID: 8.
2025-06-17 01:27:55.040 INFO  - Especialidad 'Urología' creada con ID: 9.
2025-06-17 01:27:55.047 INFO  - Especialidad 'Endocrinología' creada con ID: 10.
2025-06-17 01:27:55.054 INFO  - Especialidad 'Gastroenterología' creada con ID: 11.
2025-06-17 01:27:55.061 INFO  - Especialidad 'Oncología' creada con ID: 12.
2025-06-17 01:27:55.069 INFO  - Especialidad 'Psicología' creada con ID: 13.
2025-06-17 01:27:55.076 INFO  - Especialidad 'Odontología' creada con ID: 14.
2025-06-17 01:27:55.082 INFO  - Especialidad 'Medicina Interna' creada con ID: 15.
2025-06-17 01:27:55.084 INFO  - Especialidades procesadas.
2025-06-17 01:27:55.084 INFO  - Procesando 45 médicos...
2025-06-17 01:27:55.116 INFO  - Médico 'Juan Pérez' creado con ID: 1.
2025-06-17 01:27:55.131 INFO  - Médico 'María López' creado con ID: 2.
2025-06-17 01:27:55.142 INFO  - Médico 'Carlos Sánchez' creado con ID: 3.
2025-06-17 01:27:55.153 INFO  - Médico 'Ana Torres' creado con ID: 4.
2025-06-17 01:27:55.163 INFO  - Médico 'Ricardo Gómez' creado con ID: 5.
2025-06-17 01:27:55.176 INFO  - Médico 'Laura Castillo' creado con ID: 6.
2025-06-17 01:27:55.186 INFO  - Médico 'Luis Morales' creado con ID: 7.
2025-06-17 01:27:55.196 INFO  - Médico 'Cecilia Ramírez' creado con ID: 8.
2025-06-17 01:27:55.206 INFO  - Médico 'Ernesto Vega' creado con ID: 9.
2025-06-17 01:27:55.216 INFO  - Médico 'Patricia Herrera' creado con ID: 10.
2025-06-17 01:27:55.225 INFO  - Médico 'Miguel Silva' creado con ID: 11.
2025-06-17 01:27:55.235 INFO  - Médico 'Andrea Mendoza' creado con ID: 12.
2025-06-17 01:27:55.245 INFO  - Médico 'Fernando Ruiz' creado con ID: 13.
2025-06-17 01:27:55.256 INFO  - Médico 'Verónica Aguilar' creado con ID: 14.
2025-06-17 01:27:55.265 INFO  - Médico 'Nicolás Rivas' creado con ID: 15.
2025-06-17 01:27:55.275 INFO  - Médico 'Sonia Navarro' creado con ID: 16.
2025-06-17 01:27:55.284 INFO  - Médico 'Diego Salazar' creado con ID: 17.
2025-06-17 01:27:55.295 INFO  - Médico 'Alfredo Guzmán' creado con ID: 18.
2025-06-17 01:27:55.303 INFO  - Médico 'Clara Ortega' creado con ID: 19.
2025-06-17 01:27:55.314 INFO  - Médico 'Tomás Cáceres' creado con ID: 20.
2025-06-17 01:27:55.323 INFO  - Médico 'Rebeca Lozano' creado con ID: 21.
2025-06-17 01:27:55.333 INFO  - Médico 'Iván Herrera' creado con ID: 22.
2025-06-17 01:27:55.345 INFO  - Médico 'Elsa Fernández' creado con ID: 23.
2025-06-17 01:27:55.359 INFO  - Médico 'Pablo León' creado con ID: 24.
2025-06-17 01:27:55.372 INFO  - Médico 'Marta Reyes' creado con ID: 25.
2025-06-17 01:27:55.383 INFO  - Médico 'Alejandro Bustamante' creado con ID: 26.
2025-06-17 01:27:55.394 INFO  - Médico 'Javier Andrade' creado con ID: 27.
2025-06-17 01:27:55.404 INFO  - Médico 'Andrés Paredes' creado con ID: 28.
2025-06-17 01:27:55.412 INFO  - Médico 'Paola Méndez' creado con ID: 29.
2025-06-17 01:27:55.422 INFO  - Médico 'Germán Palacios' creado con ID: 30.
2025-06-17 01:27:55.430 INFO  - Médico 'Lorena Ibáñez' creado con ID: 31.
2025-06-17 01:27:55.439 INFO  - Médico 'Marcelo Castro' creado con ID: 32.
2025-06-17 01:27:55.447 INFO  - Médico 'Karina Soto' creado con ID: 33.
2025-06-17 01:27:55.453 INFO  - Médico 'Sergio Medina' creado con ID: 34.
2025-06-17 01:27:55.460 INFO  - Médico 'Teresa Alarcón' creado con ID: 35.
2025-06-17 01:27:55.467 INFO  - Médico 'Hugo Céspedes' creado con ID: 36.
2025-06-17 01:27:55.475 INFO  - Médico 'Daniela Pinto' creado con ID: 37.
2025-06-17 01:27:55.483 INFO  - Médico 'Esteban Vargas' creado con ID: 38.
2025-06-17 01:27:55.489 INFO  - Médico 'Camila Ponce' creado con ID: 39.
2025-06-17 01:27:55.495 INFO  - Médico 'Mauricio Bravo' creado con ID: 40.
2025-06-17 01:27:55.503 INFO  - Médico 'Beatriz Molina' creado con ID: 41.
2025-06-17 01:27:55.509 INFO  - Médico 'Hugo Ramírez' creado con ID: 42.
2025-06-17 01:27:55.515 INFO  - Médico 'Felipe Aguilar' creado con ID: 43.
2025-06-17 01:27:55.523 INFO  - Médico 'Gabriela Cáceres' creado con ID: 44.
2025-06-17 01:27:55.530 INFO  - Médico 'Vicente Romero' creado con ID: 45.
2025-06-17 01:27:55.530 INFO  - Médicos procesados.
2025-06-17 01:27:55.530 INFO  - Procesando horarios del 2025-06-19 al 2025-06-21 para cada médico...
2025-06-17 01:27:57.851 INFO  - Total de horarios procesados: 405
2025-06-17 01:27:57.852 INFO  - Carga de datos iniciales completada.
2025-06-17 01:28:32.585 INFO  - El usuario ha accedido a la página de inicio.
2025-06-17 01:28:32.587 INFO  - Acceso a la página de inicio por usuario no autenticado.
2025-06-17 01:28:33.030 INFO  - El usuario ha accedido a la página de login.
2025-06-17 01:28:36.907 INFO  - El usuario ha accedido a la página de login.
2025-06-17 01:29:13.198 INFO  - Intentando registrar paciente con correo: correo@gmail.com y DNI: 71632364
2025-06-17 01:29:13.211 INFO  - No existe un paciente con el correo correo@gmail.com ni DNI 71632364. Se puede registrar.
2025-06-17 01:29:13.287 INFO  - Paciente guardado exitosamente con ID 1 y correo correo@gmail.com
2025-06-17 01:29:13.300 INFO  - Paciente registrado exitosamente: correo@gmail.com
2025-06-17 01:29:13.319 INFO  - El usuario ha accedido a la página de login.
2025-06-17 01:29:24.240 INFO  - El usuario ha accedido a la página de inicio.
2025-06-17 01:29:24.240 INFO  - Usuario correo@gmail.com autenticado en la página de inicio.
2025-06-17 01:29:28.846 INFO  - Accediendo a la página de reserva de cita.
2025-06-17 01:29:28.899 INFO  - Solicitando todas las especialidades a través de CitaServicio.
2025-06-17 01:29:28.899 INFO  - Cargando todas las especialidades desde CitaServicio.
2025-06-17 01:29:31.651 INFO  - Solicitando médicos para especialidad ID: 14 a través de CitaServicio.
2025-06-17 01:29:31.651 INFO  - Buscando médicos para la especialidad ID: 14 desde CitaServicio.
2025-06-17 01:29:41.964 INFO  - Solicitando horarios disponibles para médico ID: 41 en fecha: 2025-06-19 a través de CitaServicio.
2025-06-17 01:29:45.582 INFO  - Intentando crear cita con fecha: 2025-06-19, hora: 11:00:00, idMedico: 41
2025-06-17 01:29:45.595 INFO  - Intentando crear cita para fecha: 2025-06-19, hora: 11:00, medicoId: 41, pacienteId: 1
2025-06-17 01:29:45.612 INFO  - Cita guardada exitosamente con ID: 1
2025-06-17 01:29:45.638 INFO  - Cita creada correctamente para paciente ID: 1
2025-06-17 01:29:45.644 INFO  - El usuario ha accedido a la página de historial de citas.
2025-06-17 01:32:17.148 INFO  - Starting SistemaApplication using Java 22 with PID 20124 (C:\Users\Jeanpierre Chipa\Desktop\Proyecto Integrador\Sistema-Clinica-Angry\target\classes started by Jeanpierre Chipa in C:\Users\Jeanpierre Chipa\Desktop\Proyecto Integrador\Sistema-Clinica-Angry)
2025-06-17 01:32:17.148 INFO  - No active profile set, falling back to 1 default profile: "default"
2025-06-17 01:32:23.272 INFO  - AuthServicio inicializado con PacienteRepositorio.
2025-06-17 01:32:24.577 INFO  - Started SistemaApplication in 8.124 seconds (process running for 9.233)
2025-06-17 01:32:24.597 INFO  - Iniciando carga de datos de especialidades, médicos y horarios...
2025-06-17 01:32:24.597 INFO  - Procesando 15 especialidades...
2025-06-17 01:32:24.828 INFO  - Especialidades procesadas.
2025-06-17 01:32:24.828 INFO  - Procesando 45 médicos...
2025-06-17 01:32:25.045 INFO  - Médicos procesados.
2025-06-17 01:32:25.045 INFO  - Procesando horarios del 2025-06-19 al 2025-06-21 para cada médico...
2025-06-17 01:32:26.730 INFO  - Total de horarios procesados: 0
2025-06-17 01:32:26.730 INFO  - Carga de datos iniciales completada.
2025-06-17 01:32:59.405 INFO  - El usuario ha accedido a la página de login.
2025-06-17 01:33:11.448 INFO  - El usuario ha accedido a la página de inicio.
2025-06-17 01:33:11.448 INFO  - Usuario correo@gmail.com autenticado en la página de inicio.
2025-06-17 01:33:13.823 INFO  - Accediendo a la página de reserva de cita.
2025-06-17 01:33:13.874 INFO  - Solicitando todas las especialidades a través de CitaServicio.
2025-06-17 01:33:13.874 INFO  - Cargando todas las especialidades desde CitaServicio.
2025-06-17 01:33:15.705 INFO  - Solicitando médicos para especialidad ID: 12 a través de CitaServicio.
2025-06-17 01:33:15.705 INFO  - Buscando médicos para la especialidad ID: 12 desde CitaServicio.
2025-06-17 01:33:21.814 INFO  - Solicitando horarios disponibles para médico ID: 35 en fecha: 2025-06-13 a través de CitaServicio.
2025-06-17 01:33:25.651 INFO  - Solicitando horarios disponibles para médico ID: 35 en fecha: 2025-06-20 a través de CitaServicio.
2025-06-17 01:33:28.630 INFO  - Intentando crear cita con fecha: 2025-06-20, hora: 15:00:00, idMedico: 35
2025-06-17 01:33:28.639 INFO  - Intentando crear cita para fecha: 2025-06-20, hora: 15:00, medicoId: 35, pacienteId: 1
2025-06-17 01:33:28.706 INFO  - Cita guardada exitosamente con ID: 2
2025-06-17 01:33:28.727 INFO  - Cita creada correctamente para paciente ID: 1
2025-06-17 01:33:28.736 INFO  - El usuario ha accedido a la página de historial de citas.
2025-06-17 01:33:40.577 INFO  - Horario 2025-06-20-15:00-35 del médico 2 marcado como disponible tras cancelación de cita {}
2025-06-17 01:33:40.577 INFO  - Cita ID 2 cancelada exitosamente.
2025-06-17 01:33:40.582 INFO  - Cita ID 2 cancelada exitosamente por solicitud del controlador.
2025-06-17 01:33:42.733 INFO  - El usuario ha accedido a la página de historial de citas.
2025-06-17 01:33:48.166 INFO  - El usuario ha accedido a la página de inicio.
2025-06-17 01:33:48.169 INFO  - Usuario correo@gmail.com autenticado en la página de inicio.
2025-06-17 01:33:50.560 INFO  - Accediendo a la página de reserva de cita.
2025-06-17 01:33:50.617 INFO  - Solicitando todas las especialidades a través de CitaServicio.
2025-06-17 01:33:50.617 INFO  - Cargando todas las especialidades desde CitaServicio.
2025-06-17 01:33:52.348 INFO  - El usuario ha accedido a la página de historial de citas.
2025-06-17 01:33:53.805 INFO  - El usuario ha accedido a la página de inicio.
2025-06-17 01:33:53.809 INFO  - Usuario correo@gmail.com autenticado en la página de inicio.
2025-06-17 01:33:54.686 INFO  - El usuario ha accedido a la página de login.
